<?xml version="1.0" encoding="UTF-8"?>
<coverage generated="1778080514022" clover="3.2.0">
  <project timestamp="1778080514023" name="All files">
    <metrics statements="13" coveredstatements="13" conditionals="16" coveredconditionals="15" methods="1" coveredmethods="1" elements="30" coveredelements="29" complexity="0" loc="13" ncloc="13" packages="1" files="1" classes="1"/>
    <file name="cn.ts" path="/Users/a.ivanov/Projects/core/src/utils/cn.ts">
      <metrics statements="13" coveredstatements="13" conditionals="16" coveredconditionals="15" methods="1" coveredmethods="1"/>
      <line num="10" count="1" type="stmt"/>
      <line num="11" count="37" type="stmt"/>
      <line num="13" count="37" type="stmt"/>
      <line num="14" count="159" type="cond" truecount="4" falsecount="0"/>
      <line num="16" count="146" type="cond" truecount="4" falsecount="0"/>
      <line num="17" count="126" type="stmt"/>
      <line num="18" count="20" type="cond" truecount="2" falsecount="0"/>
      <line num="19" count="10" type="stmt"/>
      <line num="20" count="10" type="cond" truecount="1" falsecount="1"/>
      <line num="21" count="10" type="cond" truecount="2" falsecount="0"/>
      <line num="22" count="9" type="stmt"/>
      <line num="23" count="13" type="cond" truecount="2" falsecount="0"/>
      <line num="28" count="37" type="stmt"/>
    </file>
  </project>
</coverage>
