{"/Users/a.ivanov/Projects/core/src/utils/cn.ts": {"path":"/Users/a.ivanov/Projects/core/src/utils/cn.ts","statementMap":{"0":{"start":{"line":10,"column":18},"end":{"line":29,"column":1}},"1":{"start":{"line":11,"column":28},"end":{"line":11,"column":30}},"2":{"start":{"line":13,"column":2},"end":{"line":26,"column":3}},"3":{"start":{"line":14,"column":4},"end":{"line":14,"column":40}},"4":{"start":{"line":14,"column":31},"end":{"line":14,"column":40}},"5":{"start":{"line":16,"column":4},"end":{"line":25,"column":5}},"6":{"start":{"line":17,"column":6},"end":{"line":17,"column":34}},"7":{"start":{"line":18,"column":11},"end":{"line":25,"column":5}},"8":{"start":{"line":19,"column":21},"end":{"line":19,"column":33}},"9":{"start":{"line":20,"column":6},"end":{"line":20,"column":39}},"10":{"start":{"line":20,"column":18},"end":{"line":20,"column":39}},"11":{"start":{"line":21,"column":11},"end":{"line":25,"column":5}},"12":{"start":{"line":22,"column":6},"end":{"line":24,"column":7}},"13":{"start":{"line":23,"column":8},"end":{"line":23,"column":37}},"14":{"start":{"line":23,"column":19},"end":{"line":23,"column":37}},"15":{"start":{"line":28,"column":2},"end":{"line":28,"column":27}},"16":{"start":{"line":10,"column":13},"end":{"line":10,"column":18}}},"fnMap":{"0":{"name":"(anonymous_0)","decl":{"start":{"line":10,"column":18},"end":{"line":10,"column":19}},"loc":{"start":{"line":10,"column":54},"end":{"line":29,"column":1}}}},"branchMap":{"0":{"loc":{"start":{"line":14,"column":4},"end":{"line":14,"column":40}},"type":"if","locations":[{"start":{"line":14,"column":4},"end":{"line":14,"column":40}},{"start":{},"end":{}}]},"1":{"loc":{"start":{"line":14,"column":8},"end":{"line":14,"column":29}},"type":"binary-expr","locations":[{"start":{"line":14,"column":8},"end":{"line":14,"column":14}},{"start":{"line":14,"column":18},"end":{"line":14,"column":29}}]},"2":{"loc":{"start":{"line":16,"column":4},"end":{"line":25,"column":5}},"type":"if","locations":[{"start":{"line":16,"column":4},"end":{"line":25,"column":5}},{"start":{"line":18,"column":11},"end":{"line":25,"column":5}}]},"3":{"loc":{"start":{"line":16,"column":8},"end":{"line":16,"column":62}},"type":"binary-expr","locations":[{"start":{"line":16,"column":8},"end":{"line":16,"column":33}},{"start":{"line":16,"column":37},"end":{"line":16,"column":62}}]},"4":{"loc":{"start":{"line":18,"column":11},"end":{"line":25,"column":5}},"type":"if","locations":[{"start":{"line":18,"column":11},"end":{"line":25,"column":5}},{"start":{"line":21,"column":11},"end":{"line":25,"column":5}}]},"5":{"loc":{"start":{"line":20,"column":6},"end":{"line":20,"column":39}},"type":"if","locations":[{"start":{"line":20,"column":6},"end":{"line":20,"column":39}},{"start":{},"end":{}}]},"6":{"loc":{"start":{"line":21,"column":11},"end":{"line":25,"column":5}},"type":"if","locations":[{"start":{"line":21,"column":11},"end":{"line":25,"column":5}},{"start":{},"end":{}}]},"7":{"loc":{"start":{"line":23,"column":8},"end":{"line":23,"column":37}},"type":"if","locations":[{"start":{"line":23,"column":8},"end":{"line":23,"column":37}},{"start":{},"end":{}}]}},"s":{"0":1,"1":37,"2":37,"3":159,"4":13,"5":146,"6":126,"7":20,"8":10,"9":10,"10":10,"11":10,"12":9,"13":13,"14":7,"15":37,"16":1},"f":{"0":37},"b":{"0":[13,146],"1":[159,14],"2":[126,20],"3":[146,22],"4":[10,10],"5":[10,0],"6":[9,1],"7":[7,6]}}
}
